<?xml version="1.0" encoding="UTF-8"?>
<testsuite name="uk.tw.energy.service.AccountServiceTest" tests="1" skipped="0" failures="0" errors="0" timestamp="2022-01-06T03:23:13" hostname="jianches-MacBook-Pro.local" time="0.005">
  <properties/>
  <testcase name="givenTheSmartMeterIdReturnsThePricePlanId()" classname="uk.tw.energy.service.AccountServiceTest" time="0.005"/>
  <system-out><![CDATA[]]></system-out>
  <system-err><![CDATA[]]></system-err>
</testsuite>
