<?xml version="1.0" encoding="UTF-8"?>
<testsuite name="uk.tw.energy.controller.MeterReadingControllerTest" tests="6" skipped="0" failures="0" errors="0" timestamp="2022-01-06T03:23:13" hostname="jianches-MacBook-Pro.local" time="0.011">
  <properties/>
  <testcase name="givenEmptyMeterReadingShouldReturnErrorResponse()" classname="uk.tw.energy.controller.MeterReadingControllerTest" time="0.001"/>
  <testcase name="givenNoMeterIdIsSuppliedWhenStoringShouldReturnErrorResponse()" classname="uk.tw.energy.controller.MeterReadingControllerTest" time="0.001"/>
  <testcase name="givenMeterIdThatIsNotRecognisedShouldReturnNotFound()" classname="uk.tw.energy.controller.MeterReadingControllerTest" time="0.001"/>
  <testcase name="givenMeterReadingsAssociatedWithTheUserShouldStoreAssociatedWithUser()" classname="uk.tw.energy.controller.MeterReadingControllerTest" time="0.004"/>
  <testcase name="givenMultipleBatchesOfMeterReadingsShouldStore()" classname="uk.tw.energy.controller.MeterReadingControllerTest" time="0.002"/>
  <testcase name="givenNullReadingsAreSuppliedWhenStoringShouldReturnErrorResponse()" classname="uk.tw.energy.controller.MeterReadingControllerTest" time="0.001"/>
  <system-out><![CDATA[]]></system-out>
  <system-err><![CDATA[]]></system-err>
</testsuite>
